<?xml version="1.0" encoding="UTF-8"?>
<!-- Generated by org.testng.reporters.JUnitReportReporter -->
<testsuite hostname="DESKTOP-SEOC7S6" failures="0" tests="2" name="UIActions.TestClassOne" time="10.545" errors="0" timestamp="2024-02-20T10:38:28 IST" skipped="1">
  <testcase classname="UIActions.TestClassOne" name="FileUpload" time="10.545"/>
  <testcase classname="UIActions.TestClassOne" name="ScreenShotTest">
    <skipped/>
  </testcase> <!-- ScreenShotTest -->
</testsuite> <!-- UIActions.TestClassOne -->
