<?xml version="1.0" encoding="UTF-8"?>
<!-- Generated by org.testng.reporters.JUnitReportReporter -->
<testsuite hostname="DESKTOP-SEOC7S6" failures="0" tests="1" name="TestNGTutorial.LoginCredintial" time="10.092" errors="0" timestamp="2023-10-05T12:39:35 IST" skipped="0">
  <testcase classname="TestNGTutorial.LoginCredintial" name="wrongCredential" time="10.092"/>
</testsuite> <!-- TestNGTutorial.LoginCredintial -->
