<?xml version="1.0" encoding="UTF-8"?>
<!-- Generated by org.testng.reporters.JUnitReportReporter -->
<testsuite hostname="DESKTOP-SEOC7S6" failures="0" tests="2" name="TestNGTutorial.AnotationD3" time="0.025" errors="0" timestamp="2024-01-25T10:23:14 IST" skipped="0">
  <testcase classname="TestNGTutorial.AnotationD3" name="testTwo" time="0.006"/>
  <testcase classname="TestNGTutorial.AnotationD3" name="testOne" time="0.019"/>
</testsuite> <!-- TestNGTutorial.AnotationD3 -->
