<?xml version="1.0" encoding="UTF-8"?>
<!-- Generated by org.testng.reporters.JUnitReportReporter -->
<testsuite hostname="DESKTOP-SEOC7S6" failures="0" tests="1" name="SeleniumTestNG.mouseActions" time="9.919" errors="0" timestamp="2023-10-05T13:39:14 IST" skipped="0">
  <testcase classname="SeleniumTestNG.mouseActions" name="rightClick" time="9.919"/>
</testsuite> <!-- SeleniumTestNG.mouseActions -->
