<?xml version="1.0" encoding="UTF-8"?>
<!-- Generated by org.testng.reporters.JUnitReportReporter -->
<testsuite hostname="DESKTOP-SEOC7S6" failures="0" tests="4" name="TestNGTutorial.Priority" time="0.035" errors="0" timestamp="2023-10-05T12:20:02 IST" skipped="0">
  <testcase classname="TestNGTutorial.Priority" name="MinusTest" time="0.021"/>
  <testcase classname="TestNGTutorial.Priority" name="beta" time="0.006"/>
  <testcase classname="TestNGTutorial.Priority" name="gamma" time="0.004"/>
  <testcase classname="TestNGTutorial.Priority" name="alpha" time="0.004"/>
</testsuite> <!-- TestNGTutorial.Priority -->
