<?xml version="1.0" encoding="UTF-8"?>
<!-- Generated by org.testng.reporters.JUnitReportReporter -->
<testsuite hostname="DESKTOP-SEOC7S6" failures="0" tests="1" name="TestNGTutorial.paraMeters" time="8.729" errors="0" timestamp="2023-10-10T14:16:46 IST" skipped="0">
  <testcase classname="TestNGTutorial.paraMeters" name="usingXML" time="8.729"/>
</testsuite> <!-- TestNGTutorial.paraMeters -->
