<?xml version="1.0" encoding="UTF-8"?>
<!-- Generated by org.testng.reporters.JUnitReportReporter -->
<testsuite hostname="DESKTOP-SEOC7S6" failures="0" tests="4" name="TestNGTutorial.AnotationD1" time="0.026" errors="0" timestamp="2024-01-22T13:03:04 IST" skipped="0">
  <testcase classname="TestNGTutorial.AnotationD1" name="testOne" time="0.003"/>
  <testcase classname="TestNGTutorial.AnotationD1" name="testTwo" time="0.002"/>
  <testcase classname="TestNGTutorial.AnotationD1" name="testFOur" time="0.019"/>
  <testcase classname="TestNGTutorial.AnotationD1" name="testThree" time="0.002"/>
</testsuite> <!-- TestNGTutorial.AnotationD1 -->
