<?xml version="1.0" encoding="UTF-8"?>
<!-- Generated by org.testng.reporters.JUnitReportReporter -->
<testsuite hostname="DESKTOP-SEOC7S6" failures="0" tests="1" name="SeleniumTestNG.titleUrl" time="8.799" errors="0" timestamp="2023-10-05T12:49:57 IST" skipped="0">
  <testcase classname="SeleniumTestNG.titleUrl" name="TitleTest" time="8.799"/>
</testsuite> <!-- SeleniumTestNG.titleUrl -->
