<?xml version="1.0" encoding="UTF-8"?>
<!-- Generated by org.testng.reporters.JUnitReportReporter -->
<testsuite hostname="DESKTOP-SEOC7S6" failures="0" tests="1" name="TestNGTutorial.testSuit" time="9.447" errors="0" timestamp="2023-10-04T13:10:46 IST" skipped="0">
  <testcase classname="TestNGTutorial.testSuit" name="testSuitFive" time="9.447"/>
</testsuite> <!-- TestNGTutorial.testSuit -->
