<?xml version="1.0" encoding="UTF-8"?>
<!-- Generated by org.testng.reporters.JUnitReportReporter -->
<testsuite hostname="DESKTOP-SEOC7S6" failures="0" tests="1" name="TestNGTutorial.Basic" time="30.778" errors="0" timestamp="2023-10-04T10:29:25 IST" skipped="0">
  <testcase classname="TestNGTutorial.Basic" name="BasicOne" time="30.778"/>
</testsuite> <!-- TestNGTutorial.Basic -->
