<?xml version="1.0" encoding="UTF-8"?>
<!-- Generated by org.testng.reporters.JUnitReportReporter -->
<testsuite hostname="DESKTOP-SEOC7S6" failures="0" tests="4" name="TestNGTutorial.AnotationD2" time="0.018" errors="0" timestamp="2024-01-22T13:03:04 IST" skipped="0">
  <testcase classname="TestNGTutorial.AnotationD2" name="testEight" time="0.007"/>
  <testcase classname="TestNGTutorial.AnotationD2" name="testSix" time="0.002"/>
  <testcase classname="TestNGTutorial.AnotationD2" name="testFive" time="0.005"/>
  <testcase classname="TestNGTutorial.AnotationD2" name="testSeven" time="0.004"/>
</testsuite> <!-- TestNGTutorial.AnotationD2 -->
