<?xml version="1.0" encoding="UTF-8"?>
<!-- Generated by org.testng.reporters.JUnitReportReporter -->
<testsuite hostname="DESKTOP-SEOC7S6" failures="0" tests="4" name="TestNGTutorial.Priority" time="0.039" errors="0" timestamp="2024-01-26T09:11:47 IST" skipped="0">
  <testcase classname="TestNGTutorial.Priority" name="MinusTest" time="0.026"/>
  <testcase classname="TestNGTutorial.Priority" name="beta" time="0.007"/>
  <testcase classname="TestNGTutorial.Priority" name="gamma" time="0.003"/>
  <testcase classname="TestNGTutorial.Priority" name="alpha" time="0.003"/>
</testsuite> <!-- TestNGTutorial.Priority -->
