<?xml version="1.0" encoding="UTF-8"?>
<!-- Generated by org.testng.reporters.JUnitReportReporter -->
<testsuite hostname="DESKTOP-SEOC7S6" failures="0" tests="4" name="TestNgProject.DataProviderDay1" time="44.152" errors="0" timestamp="2024-02-09T11:03:25 IST" skipped="0">
  <testcase classname="TestNgProject.DataProviderDay1" name="LoginData" time="14.236"/>
  <testcase classname="TestNgProject.DataProviderDay1" name="LoginData" time="9.520"/>
  <testcase classname="TestNgProject.DataProviderDay1" name="LoginData" time="12.805"/>
  <testcase classname="TestNgProject.DataProviderDay1" name="LoginData" time="7.591"/>
</testsuite> <!-- TestNgProject.DataProviderDay1 -->
