<?xml version="1.0" encoding="UTF-8"?>
<!-- Generated by org.testng.reporters.JUnitReportReporter -->
<testsuite hostname="DESKTOP-SEOC7S6" failures="0" tests="10" name="TestNgProject.invocationCountTest" time="0.062" errors="0" timestamp="2024-02-09T16:09:10 IST" skipped="0">
  <testcase classname="TestNgProject.invocationCountTest" name="sum" time="0.002"/>
  <testcase classname="TestNgProject.invocationCountTest" name="sum" time="0.002"/>
  <testcase classname="TestNgProject.invocationCountTest" name="sum" time="0.006"/>
  <testcase classname="TestNgProject.invocationCountTest" name="sum" time="0.004"/>
  <testcase classname="TestNgProject.invocationCountTest" name="sum" time="0.020"/>
  <testcase classname="TestNgProject.invocationCountTest" name="sum" time="0.003"/>
  <testcase classname="TestNgProject.invocationCountTest" name="sum" time="0.010"/>
  <testcase classname="TestNgProject.invocationCountTest" name="sum" time="0.007"/>
  <testcase classname="TestNgProject.invocationCountTest" name="sum" time="0.006"/>
  <testcase classname="TestNgProject.invocationCountTest" name="sum" time="0.002"/>
</testsuite> <!-- TestNgProject.invocationCountTest -->
