<?xml version="1.0" encoding="UTF-8"?>
<!-- Generated by org.testng.reporters.JUnitReportReporter -->
<testsuite hostname="DESKTOP-SEOC7S6" failures="0" tests="4" name="TestNgProject.javaScriptExecutor" time="11.272" errors="0" timestamp="2024-01-29T12:40:40 IST" skipped="3">
  <testcase classname="TestNgProject.javaScriptExecutor" name="TestCaseFour" time="11.272"/>
  <testcase classname="TestNgProject.javaScriptExecutor" name="TestCaseTwo">
    <skipped/>
  </testcase> <!-- TestCaseTwo -->
  <testcase classname="TestNgProject.javaScriptExecutor" name="TestCase">
    <skipped/>
  </testcase> <!-- TestCase -->
  <testcase classname="TestNgProject.javaScriptExecutor" name="TestCaseThree">
    <skipped/>
  </testcase> <!-- TestCaseThree -->
</testsuite> <!-- TestNgProject.javaScriptExecutor -->
