<?xml version="1.0" encoding="UTF-8"?>
<!-- Generated by org.testng.reporters.JUnitReportReporter -->
<testsuite hostname="DESKTOP-SEOC7S6" failures="0" tests="4" name="TestNgProject.Priority" time="0.030" errors="0" timestamp="2024-01-26T16:27:30 IST" skipped="0">
  <testcase classname="TestNgProject.Priority" name="testFour" time="0.021"/>
  <testcase classname="TestNgProject.Priority" name="testThree" time="0.003"/>
  <testcase classname="TestNgProject.Priority" name="testOne" time="0.003"/>
  <testcase classname="TestNgProject.Priority" name="testTwo" time="0.003"/>
</testsuite> <!-- TestNgProject.Priority -->
