<?xml version="1.0" encoding="UTF-8"?>
<!-- Generated by org.testng.reporters.JUnitReportReporter -->
<testsuite hostname="DESKTOP-SEOC7S6" failures="0" tests="2" name="TestNgProject.AnnotationD2" time="16.129" errors="0" timestamp="2024-02-09T16:03:43 IST" skipped="1">
  <testcase classname="TestNgProject.AnnotationD2" name="TestCaseTwo" time="16.129"/>
  <testcase classname="TestNgProject.AnnotationD2" name="TestCaseOne">
    <skipped/>
  </testcase> <!-- TestCaseOne -->
</testsuite> <!-- TestNgProject.AnnotationD2 -->
