<?xml version="1.0" encoding="UTF-8"?>
<!-- Generated by org.testng.reporters.JUnitReportReporter -->
<testsuite hostname="DESKTOP-SEOC7S6" failures="0" tests="3" name="TestNgProject.groupsD1" time="0.032" errors="0" timestamp="2024-02-09T16:02:57 IST" skipped="0">
  <testcase classname="TestNgProject.groupsD1" name="testCaseOne" time="0.003"/>
  <testcase classname="TestNgProject.groupsD1" name="testCaseFive" time="0.025"/>
  <testcase classname="TestNgProject.groupsD1" name="testCaseThree" time="0.004"/>
</testsuite> <!-- TestNgProject.groupsD1 -->
