<?xml version="1.0" encoding="UTF-8"?>
<!-- Generated by org.testng.reporters.JUnitReportReporter -->
<testsuite hostname="DESKTOP-SEOC7S6" failures="0" tests="4" name="TestNgProject.TestCaseTwo" time="0.023" errors="0" timestamp="2024-01-25T10:41:07 IST" skipped="0">
  <testcase classname="TestNgProject.TestCaseTwo" name="testFive" time="0.008"/>
  <testcase classname="TestNgProject.TestCaseTwo" name="testEight" time="0.004"/>
  <testcase classname="TestNgProject.TestCaseTwo" name="testSeven" time="0.004"/>
  <testcase classname="TestNgProject.TestCaseTwo" name="testSix" time="0.007"/>
</testsuite> <!-- TestNgProject.TestCaseTwo -->
