<?xml version="1.0" encoding="UTF-8"?>
<!-- Generated by org.testng.reporters.JUnitReportReporter -->
<testsuite hostname="DESKTOP-SEOC7S6" failures="0" tests="1" name="TestNgProject.SoftAssertions" time="0.035" errors="0" timestamp="2024-02-09T11:10:07 IST" skipped="0">
  <testcase classname="TestNgProject.SoftAssertions" name="SofteAssertions" time="0.035"/>
</testsuite> <!-- TestNgProject.SoftAssertions -->
