<?xml version="1.0" encoding="UTF-8"?>
<!-- Generated by org.testng.reporters.JUnitReportReporter -->
<testsuite hostname="DESKTOP-SEOC7S6" failures="0" tests="4" name="TestNgProject.TestCaseOne" time="0.067" errors="0" timestamp="2024-02-07T12:23:09 IST" skipped="1">
  <testcase classname="TestNgProject.TestCaseOne" name="testTwo" time="0.005"/>
  <testcase classname="TestNgProject.TestCaseOne" name="testOne" time="0.055"/>
  <testcase classname="TestNgProject.TestCaseOne" name="testThree" time="0.007"/>
  <testcase classname="TestNgProject.TestCaseOne" name="testFour">
    <skipped/>
  </testcase> <!-- testFour -->
</testsuite> <!-- TestNgProject.TestCaseOne -->
