<?xml version="1.0" encoding="UTF-8"?>
<!-- Generated by org.testng.reporters.JUnitReportReporter -->
<testsuite hostname="DESKTOP-SEOC7S6" failures="0" tests="3" name="TestNgProject.jsonLoginCredential" time="25.948" errors="0" timestamp="2024-02-13T20:25:15 IST" skipped="0">
  <testcase classname="TestNgProject.jsonLoginCredential" name="loginTest" time="16.095"/>
  <testcase classname="TestNgProject.jsonLoginCredential" name="loginTest" time="9.245"/>
  <testcase classname="TestNgProject.jsonLoginCredential" name="tearDown" time="0.608"/>
</testsuite> <!-- TestNgProject.jsonLoginCredential -->
