<?xml version="1.0" encoding="UTF-8"?>
<!-- Generated by org.testng.reporters.JUnitReportReporter -->
<testsuite hostname="DESKTOP-SEOC7S6" failures="0" tests="2" name="TestNgProject.AnnotationD1" time="0.022" errors="0" timestamp="2024-02-14T14:01:09 IST" skipped="0">
  <testcase classname="TestNgProject.AnnotationD1" name="TestTwo" time="0.004"/>
  <testcase classname="TestNgProject.AnnotationD1" name="TestOne" time="0.018"/>
</testsuite> <!-- TestNgProject.AnnotationD1 -->
