<?xml version="1.0" encoding="UTF-8"?>
<!-- Generated by org.testng.reporters.JUnitReportReporter -->
<testsuite hostname="DESKTOP-SEOC7S6" failures="0" tests="3" name="TestNgProject.groupsD2" time="0.051" errors="0" timestamp="2024-02-09T16:04:15 IST" skipped="0">
  <testcase classname="TestNgProject.groupsD2" name="testCaseEight" time="0.040"/>
  <testcase classname="TestNgProject.groupsD2" name="testCaseSix" time="0.007"/>
  <testcase classname="TestNgProject.groupsD2" name="testCaseSeven" time="0.004"/>
</testsuite> <!-- TestNgProject.groupsD2 -->
